<?xml version="1.0" encoding="UTF-8"?>
<testsuite xmlns:xsi="http://www.w3.org/2001/XMLSchema-instance" xsi:noNamespaceSchemaLocation="https://maven.apache.org/surefire/maven-surefire-plugin/xsd/surefire-test-report.xsd" name="TamagochiDAOTest" time="1.44" tests="1" errors="0" skipped="0" failures="0">
  <properties>
    <property name="java.specification.version" value="17"/>
    <property name="sun.cpu.isalist" value="amd64"/>
    <property name="sun.jnu.encoding" value="Cp1252"/>
    <property name="java.class.path" value="C:\Users\LENOVO\OneDrive\Documentos\NetBeansProjects\mavenproject1\target\test-classes;C:\Users\LENOVO\OneDrive\Documentos\NetBeansProjects\mavenproject1\target\classes;C:\Users\LENOVO\.m2\repository\javassist\javassist\3.12.1.GA\javassist-3.12.1.GA.jar;C:\Users\LENOVO\.m2\repository\mysql\mysql-connector-java\8.0.26\mysql-connector-java-8.0.26.jar;C:\Users\LENOVO\.m2\repository\com\google\protobuf\protobuf-java\3.11.4\protobuf-java-3.11.4.jar;C:\Users\LENOVO\.m2\repository\jstl\jstl\1.2\jstl-1.2.jar;C:\Users\LENOVO\.m2\repository\commons-logging\commons-logging\1.1.1\commons-logging-1.1.1.jar;C:\Users\LENOVO\.m2\repository\org\slf4j\slf4j-log4j12\1.6.1\slf4j-log4j12-1.6.1.jar;C:\Users\LENOVO\.m2\repository\org\slf4j\slf4j-api\1.6.1\slf4j-api-1.6.1.jar;C:\Users\LENOVO\.m2\repository\log4j\log4j\1.2.16\log4j-1.2.16.jar;C:\Users\LENOVO\.m2\repository\org\hibernate\hibernate-core\3.6.3.Final\hibernate-core-3.6.3.Final.jar;C:\Users\LENOVO\.m2\repository\antlr\antlr\2.7.6\antlr-2.7.6.jar;C:\Users\LENOVO\.m2\repository\commons-collections\commons-collections\3.1\commons-collections-3.1.jar;C:\Users\LENOVO\.m2\repository\dom4j\dom4j\1.6.1\dom4j-1.6.1.jar;C:\Users\LENOVO\.m2\repository\org\hibernate\hibernate-commons-annotations\3.2.0.Final\hibernate-commons-annotations-3.2.0.Final.jar;C:\Users\LENOVO\.m2\repository\org\hibernate\javax\persistence\hibernate-jpa-2.0-api\1.0.0.Final\hibernate-jpa-2.0-api-1.0.0.Final.jar;C:\Users\LENOVO\.m2\repository\javax\transaction\jta\1.1\jta-1.1.jar;C:\Users\LENOVO\.m2\repository\org\junit\jupiter\junit-jupiter\5.8.2\junit-jupiter-5.8.2.jar;C:\Users\LENOVO\.m2\repository\org\junit\jupiter\junit-jupiter-api\5.8.2\junit-jupiter-api-5.8.2.jar;C:\Users\LENOVO\.m2\repository\org\opentest4j\opentest4j\1.2.0\opentest4j-1.2.0.jar;C:\Users\LENOVO\.m2\repository\org\junit\platform\junit-platform-commons\1.8.2\junit-platform-commons-1.8.2.jar;C:\Users\LENOVO\.m2\repository\org\apiguardian\apiguardian-api\1.1.2\apiguardian-api-1.1.2.jar;C:\Users\LENOVO\.m2\repository\org\junit\jupiter\junit-jupiter-params\5.8.2\junit-jupiter-params-5.8.2.jar;C:\Users\LENOVO\.m2\repository\org\junit\jupiter\junit-jupiter-engine\5.8.2\junit-jupiter-engine-5.8.2.jar;C:\Users\LENOVO\.m2\repository\org\junit\platform\junit-platform-engine\1.8.2\junit-platform-engine-1.8.2.jar;C:\Users\LENOVO\.m2\repository\org\netbeans\external\AbsoluteLayout\RELEASE190\AbsoluteLayout-RELEASE190.jar;"/>
    <property name="java.vm.vendor" value="Oracle Corporation"/>
    <property name="sun.arch.data.model" value="64"/>
    <property name="user.variant" value=""/>
    <property name="java.vendor.url" value="https://java.oracle.com/"/>
    <property name="user.timezone" value="America/Bogota"/>
    <property name="os.name" value="Windows 10"/>
    <property name="java.vm.specification.version" value="17"/>
    <property name="user.country" value="CO"/>
    <property name="sun.java.launcher" value="SUN_STANDARD"/>
    <property name="sun.boot.library.path" value="C:\Program Files\Java\jdk-17\bin"/>
    <property name="sun.java.command" value="C:\Users\LENOVO\AppData\Local\Temp\surefire15777543358998752759\surefirebooter17652074618153027415.jar C:\Users\LENOVO\AppData\Local\Temp\surefire15777543358998752759 2023-11-02T19-13-59_321-jvmRun1 surefire15134446465808736240tmp surefire_02003520155701135862tmp"/>
    <property name="jdk.debug" value="release"/>
    <property name="surefire.test.class.path" value="C:\Users\LENOVO\OneDrive\Documentos\NetBeansProjects\mavenproject1\target\test-classes;C:\Users\LENOVO\OneDrive\Documentos\NetBeansProjects\mavenproject1\target\classes;C:\Users\LENOVO\.m2\repository\javassist\javassist\3.12.1.GA\javassist-3.12.1.GA.jar;C:\Users\LENOVO\.m2\repository\mysql\mysql-connector-java\8.0.26\mysql-connector-java-8.0.26.jar;C:\Users\LENOVO\.m2\repository\com\google\protobuf\protobuf-java\3.11.4\protobuf-java-3.11.4.jar;C:\Users\LENOVO\.m2\repository\jstl\jstl\1.2\jstl-1.2.jar;C:\Users\LENOVO\.m2\repository\commons-logging\commons-logging\1.1.1\commons-logging-1.1.1.jar;C:\Users\LENOVO\.m2\repository\org\slf4j\slf4j-log4j12\1.6.1\slf4j-log4j12-1.6.1.jar;C:\Users\LENOVO\.m2\repository\org\slf4j\slf4j-api\1.6.1\slf4j-api-1.6.1.jar;C:\Users\LENOVO\.m2\repository\log4j\log4j\1.2.16\log4j-1.2.16.jar;C:\Users\LENOVO\.m2\repository\org\hibernate\hibernate-core\3.6.3.Final\hibernate-core-3.6.3.Final.jar;C:\Users\LENOVO\.m2\repository\antlr\antlr\2.7.6\antlr-2.7.6.jar;C:\Users\LENOVO\.m2\repository\commons-collections\commons-collections\3.1\commons-collections-3.1.jar;C:\Users\LENOVO\.m2\repository\dom4j\dom4j\1.6.1\dom4j-1.6.1.jar;C:\Users\LENOVO\.m2\repository\org\hibernate\hibernate-commons-annotations\3.2.0.Final\hibernate-commons-annotations-3.2.0.Final.jar;C:\Users\LENOVO\.m2\repository\org\hibernate\javax\persistence\hibernate-jpa-2.0-api\1.0.0.Final\hibernate-jpa-2.0-api-1.0.0.Final.jar;C:\Users\LENOVO\.m2\repository\javax\transaction\jta\1.1\jta-1.1.jar;C:\Users\LENOVO\.m2\repository\org\junit\jupiter\junit-jupiter\5.8.2\junit-jupiter-5.8.2.jar;C:\Users\LENOVO\.m2\repository\org\junit\jupiter\junit-jupiter-api\5.8.2\junit-jupiter-api-5.8.2.jar;C:\Users\LENOVO\.m2\repository\org\opentest4j\opentest4j\1.2.0\opentest4j-1.2.0.jar;C:\Users\LENOVO\.m2\repository\org\junit\platform\junit-platform-commons\1.8.2\junit-platform-commons-1.8.2.jar;C:\Users\LENOVO\.m2\repository\org\apiguardian\apiguardian-api\1.1.2\apiguardian-api-1.1.2.jar;C:\Users\LENOVO\.m2\repository\org\junit\jupiter\junit-jupiter-params\5.8.2\junit-jupiter-params-5.8.2.jar;C:\Users\LENOVO\.m2\repository\org\junit\jupiter\junit-jupiter-engine\5.8.2\junit-jupiter-engine-5.8.2.jar;C:\Users\LENOVO\.m2\repository\org\junit\platform\junit-platform-engine\1.8.2\junit-platform-engine-1.8.2.jar;C:\Users\LENOVO\.m2\repository\org\netbeans\external\AbsoluteLayout\RELEASE190\AbsoluteLayout-RELEASE190.jar;"/>
    <property name="sun.cpu.endian" value="little"/>
    <property name="user.home" value="C:\Users\LENOVO"/>
    <property name="user.language" value="es"/>
    <property name="java.specification.vendor" value="Oracle Corporation"/>
    <property name="java.version.date" value="2023-07-18"/>
    <property name="java.home" value="C:\Program Files\Java\jdk-17"/>
    <property name="file.separator" value="\"/>
    <property name="basedir" value="C:\Users\LENOVO\OneDrive\Documentos\NetBeansProjects\mavenproject1"/>
    <property name="java.vm.compressedOopsMode" value="32-bit"/>
    <property name="line.separator" value="&#10;"/>
    <property name="java.vm.specification.vendor" value="Oracle Corporation"/>
    <property name="java.specification.name" value="Java Platform API Specification"/>
    <property name="surefire.real.class.path" value="C:\Users\LENOVO\AppData\Local\Temp\surefire15777543358998752759\surefirebooter17652074618153027415.jar"/>
    <property name="user.script" value=""/>
    <property name="sun.management.compiler" value="HotSpot 64-Bit Tiered Compilers"/>
    <property name="java.runtime.version" value="17.0.8+9-LTS-211"/>
    <property name="user.name" value="LENOVO"/>
    <property name="path.separator" value=";"/>
    <property name="os.version" value="10.0"/>
    <property name="java.runtime.name" value="Java(TM) SE Runtime Environment"/>
    <property name="file.encoding" value="UTF-8"/>
    <property name="java.vm.name" value="Java HotSpot(TM) 64-Bit Server VM"/>
    <property name="maven.ext.class.path" value="C:\Program Files\NetBeans-19\netbeans\java\maven-nblib\netbeans-eventspy.jar"/>
    <property name="localRepository" value="C:\Users\LENOVO\.m2\repository"/>
    <property name="java.vendor.url.bug" value="https://bugreport.java.com/bugreport/"/>
    <property name="java.io.tmpdir" value="C:\Users\LENOVO\AppData\Local\Temp\"/>
    <property name="java.version" value="17.0.8"/>
    <property name="user.dir" value="C:\Users\LENOVO\OneDrive\Documentos\NetBeansProjects\mavenproject1"/>
    <property name="os.arch" value="amd64"/>
    <property name="java.vm.specification.name" value="Java Virtual Machine Specification"/>
    <property name="sun.os.patch.level" value=""/>
    <property name="native.encoding" value="Cp1252"/>
    <property name="java.library.path" value="C:\Program Files\Java\jdk-17\bin;C:\Windows\Sun\Java\bin;C:\Windows\system32;C:\Windows;C:\Program Files\Common Files\Oracle\Java\javapath;C:\Windows\system32;C:\Windows;C:\Windows\System32\Wbem;C:\Windows\System32\WindowsPowerShell\v1.0\;C:\Windows\System32\OpenSSH\;C:\Program Files (x86)\NVIDIA Corporation\PhysX\Common;C:\Program Files (x86)\HP\Common\HPDestPlgIn\;C:\Microsoft VS Code\bin;C:\Users\LENOVO\AppData\Local\Microsoft\WindowsApps;C:\Program Files (x86)\HP\Common\HPDestPlgIn\;C:\Users\LENOVO\AppData\Local\Programs\Microsoft VS Code\bin;."/>
    <property name="java.vm.info" value="mixed mode, sharing"/>
    <property name="java.vendor" value="Oracle Corporation"/>
    <property name="java.vm.version" value="17.0.8+9-LTS-211"/>
    <property name="sun.io.unicode.encoding" value="UnicodeLittle"/>
    <property name="java.class.version" value="61.0"/>
  </properties>
  <testcase name="insertTest" classname="TamagochiDAOTest" time="1.433"/>
</testsuite>